xrun(64): 19.03-s010: (c) Copyright 1995-2019 Cadence Design Systems, Inc.
TOOL:	xrun(64)	19.03-s010: Started on Apr 20, 2026 at 04:15:02 EDT
xrun
	-timescale 1ns/1ps
	tb/tb_f1.sv
	rot.sv
Recompiling... reason: file './tb/tb_f1.sv' is newer than expected.
	expected: Mon Apr 20 04:14:55 2026
	actual:   Mon Apr 20 04:15:01 2026
file: tb/tb_f1.sv
	module worklib.tb_f1:sv
		errors: 0, warnings: 0
file: rot.sv
  input  logic            clk, rst_n,
                            |
xmvlog: *W,NODNTW (rot.sv,7|28): Implicit net port (clk) is not allowed since `default_nettype is declared as 'none'; 'wire' used instead [19.2(IEEE 2001)].
  input  logic            clk, rst_n,
                                   |
xmvlog: *W,NODNTW (rot.sv,7|35): Implicit net port (rst_n) is not allowed since `default_nettype is declared as 'none'; 'wire' used instead [19.2(IEEE 2001)].
  input  logic [BUSW-1:0] addr, data_from_cpu,
                             |
xmvlog: *W,NODNTW (rot.sv,8|29): Implicit net port (addr) is not allowed since `default_nettype is declared as 'none'; 'wire' used instead [19.2(IEEE 2001)].
  input  logic [BUSW-1:0] addr, data_from_cpu,
                                            |
xmvlog: *W,NODNTW (rot.sv,8|44): Implicit net port (data_from_cpu) is not allowed since `default_nettype is declared as 'none'; 'wire' used instead [19.2(IEEE 2001)].
  input  logic            re, we
                           |
xmvlog: *W,NODNTW (rot.sv,10|27): Implicit net port (re) is not allowed since `default_nettype is declared as 'none'; 'wire' used instead [19.2(IEEE 2001)].
  input  logic            re, we
                               |
xmvlog: *W,NODNTW (rot.sv,10|31): Implicit net port (we) is not allowed since `default_nettype is declared as 'none'; 'wire' used instead [19.2(IEEE 2001)].
		Caching library 'worklib' ....... Done
	Elaborating the design hierarchy:
		Caching library 'worklib' ....... Done
  rot_csr u_rot_csr (
                  |
xmelab: *W,CUVWSP (./rot.sv,92|18): 1 output port was not connected:
xmelab: (./rot_csr.sv,17): unlock_key_we

xmelab: *W,DLWNEW: Intermediate file verilog_package worklib.rot_pkg:sv (VST)
	is newer than expected by module worklib.aesctr:sv (VST)
		actual:   Mon Apr 20 04:01:32 2026
		expected: Mon Apr 20 03:54:36 2026.
xmelab: *W,DLWNEW: Intermediate file verilog_package worklib.rot_pkg:sv (VST)
	is newer than expected by module worklib.reg_with_load:sv (VST)
		actual:   Mon Apr 20 04:01:32 2026
		expected: Mon Apr 20 03:54:36 2026.
xmelab: *W,DLWNEW: Intermediate file verilog_package worklib.rot_pkg:sv (VST)
	is newer than expected by module worklib.prime:sv (VST)
		actual:   Mon Apr 20 04:01:32 2026
		expected: Mon Apr 20 03:54:36 2026.
xmelab: *W,DLWNEW: Intermediate file verilog_package worklib.rot_pkg:sv (VST)
	is newer than expected by module worklib.lfsr_load:sv (VST)
		actual:   Mon Apr 20 04:01:32 2026
		expected: Mon Apr 20 03:54:36 2026.
xmelab: *W,DLWNEW: Intermediate file verilog_package worklib.rot_pkg:sv (VST)
	is newer than expected by module worklib.ro_bank:sv (VST)
		actual:   Mon Apr 20 04:01:32 2026
		expected: Mon Apr 20 03:54:36 2026.
xmelab: *W,DLWNEW: Intermediate file verilog_package worklib.rot_pkg:sv (VST)
	is newer than expected by module worklib.puf:sv (VST)
		actual:   Mon Apr 20 04:01:32 2026
		expected: Mon Apr 20 03:54:36 2026.
xmelab: *W,DLWNEW: Intermediate file verilog_package worklib.rot_pkg:sv (VST)
	is newer than expected by module worklib.trng:sv (VST)
		actual:   Mon Apr 20 04:01:32 2026
		expected: Mon Apr 20 03:54:36 2026.
	Top level design units:
		rot_pkg
		$unit_0x5d01a194
		$unit_0x1cf4f5a4
		$unit_0x20e16511
		tb_f1
xmelab: *W,DLWNEW: Intermediate file verilog_package worklib.rot_pkg:sv (VST)
	is newer than expected by module worklib.ring:sv (VST)
		actual:   Mon Apr 20 04:01:32 2026
		expected: Mon Apr 20 03:54:36 2026.
xmelab: *W,DLWNEW: Intermediate file verilog_package worklib.rot_pkg:sv (VST)
	is newer than expected by module worklib.NAND:sv (VST)
		actual:   Mon Apr 20 04:01:32 2026
		expected: Mon Apr 20 03:54:36 2026.
xmelab: *W,DLWNEW: Intermediate file verilog_package worklib.rot_pkg:sv (VST)
	is newer than expected by module worklib.INV:sv (VST)
		actual:   Mon Apr 20 04:01:32 2026
		expected: Mon Apr 20 03:54:36 2026.
xmelab: *W,DSEMEL: This SystemVerilog design will be simulated as per IEEE 1800-2009 SystemVerilog simulation semantics. Use -disable_sem2009 option for turning off SV 2009 simulation semantics.
	Building instance overlay tables: .................... Done
	Generating native compiled code:
		worklib.tb_f1:sv <0x3e592d09>
			streams:   7, words: 16164
	Building instance specific data structures.
	Loading native compiled code:     .................... Done
	Design hierarchy summary:
		                  Instances  Unique
		Modules:                458      23
		Verilog packages:         1       1
		Primitives:            4874       5
		Registers:             1383     160
		Scalar wires:           994       -
		Expanded wires:         260       3
		Vectored wires:         675       -
		Always blocks:          197      22
		Initial blocks:         626       7
		Cont. assignments:      420      69
		Pseudo assignments:     943      91
		Compilation units:        3       3
		Simulation timescale:   1fs
	Writing initial simulation snapshot: worklib.tb_f1:sv
Loading snapshot worklib.tb_f1:sv .................... Done
xmsim: *W,XCLGNOPTM: The SystemVerilog constraint solver Xceligen options 'seed_only_rand and process_alternate_rng and ignore_worklib_name' are not specified and will default to 0. The recommended value for each of them is 1 which will become the default in a future release.
SVSEED default: 1
xmsim: *W,RNDXCELON: Xceligen, the new SystemVerilog constraint solver is used. Disabling Xceligen and using the legacy constraint solver is possible with "xrun/xmsim -xceligen on=0 ...".
xmsim: *W,DSEM2009: This SystemVerilog design is simulated as per IEEE 1800-2009 SystemVerilog simulation semantics. Use -disable_sem2009 option for turning off SV 2009 simulation semantics.
xcelium> source /afs/ece.cmu.edu/support/cds/share/image/usr/cds/xcelium-19.03.010/tools/xcelium/files/xmsimrc
xcelium> run
PASS: locked state blocks commands
PASS: wrong key keeps system locked
PASS: correct key unlocks system
tb_f1 passed.
Simulation complete via $finish(1) at time 1690 NS + 0
./tb/tb_f1.sv:159     $finish;
xcelium> exit
TOOL:	xrun(64)	19.03-s010: Exiting on Apr 20, 2026 at 04:15:03 EDT  (total: 00:00:01)
